[2026-06-24T19:04:36.902Z] GET https://developers.pushoperations.com/ → pending (?ms, ?B)
[2026-06-24T19:04:37.559Z] GET https://documenter-assets.pstmn.io/styles/importer.0b9c256e370f9b1206e0.css → 200 (61ms, 3895B)
[2026-06-24T19:04:37.559Z] GET https://documenter-assets.pstmn.io/js/messenger-setup.js → 200 (62ms, 524B)
[2026-06-24T19:04:37.559Z] GET https://documenter-assets.pstmn.io/js/production.min.ad05926692a839a46ac1.js → 200 (91ms, 93803B)
[2026-06-24T19:04:37.559Z] GET https://documenter-assets.pstmn.io/js/main.4829fea3cbd4dcf28de2.js → 200 (117ms, 452676B)
[2026-06-24T19:04:37.560Z] GET https://cdn.ravenjs.com/3.27.0/raven.min.js → 200 (47ms, 13950B)
[2026-06-24T19:04:37.560Z] GET https://documenter-assets.pstmn.io/js/runbutton.js → 200 (115ms, 1014B)
[2026-06-24T19:04:37.560Z] GET https://documenter-assets.pstmn.io/js/pm-rip.js → 200 (61ms, 874B)
[2026-06-24T19:04:37.560Z] GET https://developers.pushoperations.com/view/metadata/U16jLk57 → 200 (393ms, ?B)
[2026-06-24T19:04:37.561Z] GET https://developers.pushoperations.com/api/collections/6099159/U16jLk57?segregateAuth=true&versionTag=latest → pending (?ms, ?B)
[2026-06-24T19:04:37.711Z] GET https://run.pstmn.io/button.js → 200 (123ms, 11713B)
[2026-06-24T19:04:37.737Z] GET https://developers.pushoperations.com/view/metadata/U16jLk57 → 200 (57ms, 2674B)
[2026-06-24T19:04:37.737Z] GET https://developers.pushoperations.com/api/collections/6099159/U16jLk57?segregateAuth=true&versionTag=latest → pending (?ms, ?B)
[2026-06-24T19:04:37.737Z] POST https://developers.pushoperations.com/api/examples/6099159/U16jLk57?lang=curl&variant=cURL&versionTag=latest → pending (?ms, ?B)
[2026-06-24T19:04:37.748Z] GET https://documenter-assets.pstmn.io/fonts/Inter-Regular.woff2 → 200 (50ms, 99326B)
[2026-06-24T19:04:37.748Z] GET https://documenter-assets.pstmn.io/fonts/Inter-SemiBold.woff2 → 200 (59ms, 106513B)
[2026-06-24T19:04:37.834Z] GET https://js-agent.newrelic.com/nr-spa-1216.min.js → 200 (56ms, 17899B)
[2026-06-24T19:04:37.892Z] GET https://bam.nr-data.net/1/NRJS-8482e4e3e1750395f5d?a=1588761156&sa=1&v=1216.487a282&t=Unnamed%20Transaction&rst=991&ck=1&ref=https://developers.pushoperations.com/&be=720&fe=933&dc=809&af=err,xhr,stn,ins,spa&perf=%7B%22timing%22:%7B%22of%22:1782327876901,%22n%22:0,%22f%22:0,%22dn%22:6,%22dne%22:71,%22c%22:72,%22s%22:103,%22ce%22:158,%22rq%22:158,%22rp%22:646,%22rpe%22:649,%22dl%22:652,%22di%22:732,%22ds%22:809,%22de%22:809,%22dc%22:933,%22l%22:933,%22le%22:933%7D,%22navigation%22:%7B%7D%7D&fp=852&fcp=852&jsonp=NREUM.setToken → 200 (156ms, 99B)
[2026-06-24T19:04:37.954Z] GET https://res.cloudinary.com/postman/image/upload/t_team_logo_pubdoc/v1/team/343b9736da460b0e0686a80a0f30698875c16d9327cbb4da31c0e06a3c0ce6af → 200 (93ms, 3157B)
[2026-06-24T19:04:38.567Z] GET https://documenter-assets.pstmn.io/fonts/IBMPlexMono-Regular.woff2 → 200 (11ms, 35660B)
[2026-06-24T19:04:38.571Z] POST https://bam.nr-data.net/events/1/NRJS-8482e4e3e1750395f5d?a=1588761156&sa=1&v=1216.487a282&t=Unnamed%20Transaction&rst=1670&ck=1&ref=https://developers.pushoperations.com/ → pending (?ms, ?B)
[2026-06-24T19:04:47.894Z] POST https://bam.nr-data.net/events/1/NRJS-8482e4e3e1750395f5d?a=1588761156&sa=1&v=1216.487a282&t=Unnamed%20Transaction&rst=10993&ck=1&ref=https://developers.pushoperations.com/ → 200 (57ms, 25B)
[2026-06-24T19:05:38.050Z] POST https://bam.nr-data.net/jserrors/1/NRJS-8482e4e3e1750395f5d?a=1588761156&sa=1&v=1216.487a282&t=Unnamed%20Transaction&rst=61148&ck=1&ref=https://developers.pushoperations.com/ → 200 (59ms, 25B)
[2026-06-24T19:05:47.899Z] POST https://bam.nr-data.net/events/1/NRJS-8482e4e3e1750395f5d?a=1588761156&sa=1&v=1216.487a282&t=Unnamed%20Transaction&rst=70997&ck=1&ref=https://developers.pushoperations.com/ → 200 (62ms, 25B)
[2026-06-24T19:06:38.053Z] POST https://bam.nr-data.net/jserrors/1/NRJS-8482e4e3e1750395f5d?a=1588761156&sa=1&v=1216.487a282&t=Unnamed%20Transaction&rst=121150&ck=1&ref=https://developers.pushoperations.com/ → pending (?ms, ?B)
[2026-06-24T19:07:38.055Z] POST https://bam.nr-data.net/jserrors/1/NRJS-8482e4e3e1750395f5d?a=1588761156&sa=1&v=1216.487a282&t=Unnamed%20Transaction&rst=181153&ck=1&ref=https://developers.pushoperations.com/ → pending (?ms, ?B)
[2026-06-24T19:08:38.057Z] POST https://bam.nr-data.net/jserrors/1/NRJS-8482e4e3e1750395f5d?a=1588761156&sa=1&v=1216.487a282&t=Unnamed%20Transaction&rst=241156&ck=1&ref=https://developers.pushoperations.com/ → 200 (65ms, 25B)
[2026-06-24T19:09:38.063Z] POST https://bam.nr-data.net/jserrors/1/NRJS-8482e4e3e1750395f5d?a=1588761156&sa=1&v=1216.487a282&t=Unnamed%20Transaction&rst=301159&ck=1&ref=https://developers.pushoperations.com/ → pending (?ms, ?B)
[2026-06-24T19:10:38.065Z] POST https://bam.nr-data.net/jserrors/1/NRJS-8482e4e3e1750395f5d?a=1588761156&sa=1&v=1216.487a282&t=Unnamed%20Transaction&rst=361162&ck=1&ref=https://developers.pushoperations.com/ → pending (?ms, ?B)
[2026-06-24T19:11:38.067Z] POST https://bam.nr-data.net/jserrors/1/NRJS-8482e4e3e1750395f5d?a=1588761156&sa=1&v=1216.487a282&t=Unnamed%20Transaction&rst=421165&ck=1&ref=https://developers.pushoperations.com/ → 200 (118ms, 24B)
[2026-06-24T19:12:38.069Z] POST https://bam.nr-data.net/jserrors/1/NRJS-8482e4e3e1750395f5d?a=1588761156&sa=1&v=1216.487a282&t=Unnamed%20Transaction&rst=481168&ck=1&ref=https://developers.pushoperations.com/ → pending (?ms, ?B)
[2026-06-24T19:16:46.771Z] POST https://bam.nr-data.net/jserrors/1/NRJS-8482e4e3e1750395f5d?a=1588761156&sa=1&v=1216.487a282&t=Unnamed%20Transaction&rst=541171&ck=1&ref=https://developers.pushoperations.com/ → pending (?ms, ?B)
[2026-06-24T19:17:46.778Z] POST https://bam.nr-data.net/jserrors/1/NRJS-8482e4e3e1750395f5d?a=1588761156&sa=1&v=1216.487a282&t=Unnamed%20Transaction&rst=601176&ck=1&ref=https://developers.pushoperations.com/ → 200 (67ms, 25B)
[2026-06-24T19:18:46.782Z] POST https://bam.nr-data.net/jserrors/1/NRJS-8482e4e3e1750395f5d?a=1588761156&sa=1&v=1216.487a282&t=Unnamed%20Transaction&rst=661179&ck=1&ref=https://developers.pushoperations.com/ → pending (?ms, ?B)
[2026-06-24T19:19:46.785Z] POST https://bam.nr-data.net/jserrors/1/NRJS-8482e4e3e1750395f5d?a=1588761156&sa=1&v=1216.487a282&t=Unnamed%20Transaction&rst=721182&ck=1&ref=https://developers.pushoperations.com/ → 200 (58ms, 25B)
[2026-06-24T19:20:46.788Z] POST https://bam.nr-data.net/jserrors/1/NRJS-8482e4e3e1750395f5d?a=1588761156&sa=1&v=1216.487a282&t=Unnamed%20Transaction&rst=781185&ck=1&ref=https://developers.pushoperations.com/ → 200 (69ms, 25B)
[2026-06-24T19:21:46.791Z] POST https://bam.nr-data.net/jserrors/1/NRJS-8482e4e3e1750395f5d?a=1588761156&sa=1&v=1216.487a282&t=Unnamed%20Transaction&rst=841188&ck=1&ref=https://developers.pushoperations.com/ → pending (?ms, ?B)
[2026-06-24T19:22:46.794Z] POST https://bam.nr-data.net/jserrors/1/NRJS-8482e4e3e1750395f5d?a=1588761156&sa=1&v=1216.487a282&t=Unnamed%20Transaction&rst=901191&ck=1&ref=https://developers.pushoperations.com/ → pending (?ms, ?B)
[2026-06-24T19:23:46.797Z] POST https://bam.nr-data.net/jserrors/1/NRJS-8482e4e3e1750395f5d?a=1588761156&sa=1&v=1216.487a282&t=Unnamed%20Transaction&rst=961194&ck=1&ref=https://developers.pushoperations.com/ → 200 (69ms, 25B)
[2026-06-24T19:24:46.800Z] POST https://bam.nr-data.net/jserrors/1/NRJS-8482e4e3e1750395f5d?a=1588761156&sa=1&v=1216.487a282&t=Unnamed%20Transaction&rst=1021198&ck=1&ref=https://developers.pushoperations.com/ → pending (?ms, ?B)
[2026-06-24T19:25:46.803Z] POST https://bam.nr-data.net/jserrors/1/NRJS-8482e4e3e1750395f5d?a=1588761156&sa=1&v=1216.487a282&t=Unnamed%20Transaction&rst=1081201&ck=1&ref=https://developers.pushoperations.com/ → pending (?ms, ?B)
[2026-06-24T19:26:46.806Z] POST https://bam.nr-data.net/jserrors/1/NRJS-8482e4e3e1750395f5d?a=1588761156&sa=1&v=1216.487a282&t=Unnamed%20Transaction&rst=1141203&ck=1&ref=https://developers.pushoperations.com/ → 200 (61ms, 25B)
[2026-06-24T19:27:46.808Z] POST https://bam.nr-data.net/jserrors/1/NRJS-8482e4e3e1750395f5d?a=1588761156&sa=1&v=1216.487a282&t=Unnamed%20Transaction&rst=1201206&ck=1&ref=https://developers.pushoperations.com/ → pending (?ms, ?B)
[2026-06-24T19:28:46.812Z] POST https://bam.nr-data.net/jserrors/1/NRJS-8482e4e3e1750395f5d?a=1588761156&sa=1&v=1216.487a282&t=Unnamed%20Transaction&rst=1261209&ck=1&ref=https://developers.pushoperations.com/ → 200 (72ms, 24B)
[2026-06-24T19:29:46.814Z] POST https://bam.nr-data.net/jserrors/1/NRJS-8482e4e3e1750395f5d?a=1588761156&sa=1&v=1216.487a282&t=Unnamed%20Transaction&rst=1321212&ck=1&ref=https://developers.pushoperations.com/ → 200 (104ms, 24B)
[2026-06-24T19:30:46.817Z] POST https://bam.nr-data.net/jserrors/1/NRJS-8482e4e3e1750395f5d?a=1588761156&sa=1&v=1216.487a282&t=Unnamed%20Transaction&rst=1381215&ck=1&ref=https://developers.pushoperations.com/ → pending (?ms, ?B)
[2026-06-24T19:31:46.819Z] POST https://bam.nr-data.net/jserrors/1/NRJS-8482e4e3e1750395f5d?a=1588761156&sa=1&v=1216.487a282&t=Unnamed%20Transaction&rst=1441217&ck=1&ref=https://developers.pushoperations.com/ → 200 (59ms, 24B)
[2026-06-24T19:32:46.822Z] POST https://bam.nr-data.net/jserrors/1/NRJS-8482e4e3e1750395f5d?a=1588761156&sa=1&v=1216.487a282&t=Unnamed%20Transaction&rst=1501220&ck=1&ref=https://developers.pushoperations.com/ → 200 (47ms, 24B)
[2026-06-24T19:33:46.828Z] POST https://bam.nr-data.net/jserrors/1/NRJS-8482e4e3e1750395f5d?a=1588761156&sa=1&v=1216.487a282&t=Unnamed%20Transaction&rst=1561222&ck=1&ref=https://developers.pushoperations.com/ → pending (?ms, ?B)
[2026-06-24T19:34:46.828Z] POST https://bam.nr-data.net/jserrors/1/NRJS-8482e4e3e1750395f5d?a=1588761156&sa=1&v=1216.487a282&t=Unnamed%20Transaction&rst=1621226&ck=1&ref=https://developers.pushoperations.com/ → pending (?ms, ?B)
